20240914	14:20:46	669870ec-6c88-4562-bb5a-b4f1735f2ae5	Error: Not allowed by CORS	GET	/reviews	http://localhost:5174
20240914	14:20:46	c8566b31-afef-4b75-af87-ddf2381c9bbd	Error: Not allowed by CORS	GET	/users	http://localhost:5174
20240917	09:08:22	54bc4cc6-cf7e-4195-aaf2-aa0fc5f1fc75	Too Many Requests: Too many login attempts from this IP, please try again after a 60 second pause	POST	/	http://localhost:5173
20240921	17:30:18	bfc9e1dc-7b39-4b3f-b3e9-e712b137935b	Error: Not allowed by CORS	GET	/reviews	http://localhost:5173
20240921	17:30:18	1ce539d2-c2a9-4199-9f79-cb9fa594115f	Error: Not allowed by CORS	GET	/users	http://localhost:5173
20240921	17:30:18	74826334-f5af-4555-acef-405c771ca74c	Error: Not allowed by CORS	GET	/auth/refresh	http://localhost:5173
20240921	17:30:23	f0c2e196-ec32-4df5-8937-cc3e7e175249	Error: Not allowed by CORS	GET	/reviews	http://localhost:5173
20240921	17:30:23	e4aade6f-7eed-4a85-9197-d2ffccf114e4	Error: Not allowed by CORS	GET	/users	http://localhost:5173
20240921	17:30:23	c78f334f-73ff-4c40-9cbc-fba01f5d6e4c	Error: Not allowed by CORS	GET	/auth/refresh	http://localhost:5173
20240921	17:31:28	6e74561b-9dd7-450c-915c-a9904ffb6137	Error: Not allowed by CORS	GET	/reviews	http://localhost:5173
20240921	17:31:28	cd6dab9a-48f3-419f-aff3-1dfafd7ed203	Error: Not allowed by CORS	GET	/users	http://localhost:5173
20240921	17:31:28	41548dd2-9d22-4803-ac98-fd0ea1777246	Error: Not allowed by CORS	GET	/auth/refresh	http://localhost:5173
20240921	17:31:31	c5f64c3a-7a3e-4e91-8c05-01292ba475b1	Error: Not allowed by CORS	GET	/users	http://localhost:5173
20240921	17:31:32	27f56e57-f541-4c08-8ab8-2e0fa325fa28	Error: Not allowed by CORS	GET	/reviews	http://localhost:5173
20240921	17:31:32	0c2a4f7d-75fa-4aef-a982-3758f077e21c	Error: Not allowed by CORS	GET	/auth/refresh	http://localhost:5173
20240921	17:31:38	bd984a70-74c9-4540-ba42-ce9644e743c8	Error: Not allowed by CORS	GET	/reviews	http://localhost:5173
20240921	17:31:38	89610cd0-667e-4b01-8beb-96126a928bea	Error: Not allowed by CORS	GET	/users	http://localhost:5173
20240921	17:31:38	8fc354e7-3052-4a64-8ebc-ebb8ba456cca	Error: Not allowed by CORS	GET	/auth/refresh	http://localhost:5173
20240921	17:32:21	5d139058-cbb3-44d7-9db7-8d448c959020	Error: Not allowed by CORS	OPTIONS	/auth	http://localhost:5173
20240921	17:33:37	8e9338af-309e-4d35-8237-395fe6581e6e	Error: Not allowed by CORS	OPTIONS	/auth	http://localhost:5173
20240921	17:34:09	09d76d80-b8b4-418d-a812-825bfaf7d391	Error: Not allowed by CORS	GET	/reviews	http://localhost:5173
20240921	17:34:09	b3d03a8d-0485-4179-80d5-de19efcb6e4e	Error: Not allowed by CORS	GET	/users	http://localhost:5173
20240921	17:34:09	ece014b2-6a98-43dc-be3f-d126da296f99	Error: Not allowed by CORS	GET	/auth/refresh	http://localhost:5173
20240921	17:47:37	45615172-ed3d-498a-b387-ee07abb31cba	Error: Not allowed by CORS	OPTIONS	/reviews	https://movie-brain.netlify.app
20240921	17:47:37	3881cfd9-4210-48b1-bf19-77471753f1d2	Error: Not allowed by CORS	GET	/reviews	https://movie-brain.netlify.app
20240921	17:47:37	597377cd-eb19-41cb-8c57-361360ea13f9	Error: Not allowed by CORS	OPTIONS	/users	https://movie-brain.netlify.app
20240921	17:47:37	451c0c63-2f35-44ea-8a6a-f7f2be2f5471	Error: Not allowed by CORS	GET	/users	https://movie-brain.netlify.app
20240921	17:47:40	67fa52bd-d3f0-4388-b288-08d596c6bcce	Error: Not allowed by CORS	OPTIONS	/reviews	https://movie-brain.netlify.app
20240921	17:47:40	74c7627a-56eb-4290-bafd-76cbe568d067	Error: Not allowed by CORS	OPTIONS	/users	https://movie-brain.netlify.app
20240921	17:47:40	6eaf4460-d08e-482b-ae43-03972160e3a8	Error: Not allowed by CORS	GET	/reviews	https://movie-brain.netlify.app
20240921	17:47:40	4b6370ce-1f78-4ea5-aed3-df5f780a3fc9	Error: Not allowed by CORS	GET	/users	https://movie-brain.netlify.app
20240921	17:47:51	32e594d5-f54f-4201-bcf2-024cc9eeb4cb	Error: Not allowed by CORS	OPTIONS	/reviews/movie/tt0105236	https://movie-brain.netlify.app
20240921	17:47:51	7af4c339-c767-4d42-9007-75d59ec78b00	Error: Not allowed by CORS	GET	/reviews/movie/tt0105236	https://movie-brain.netlify.app
20240921	17:49:39	27259923-0a0d-496e-aa61-1e103dd8e039	Error: Not allowed by CORS	OPTIONS	/reviews	https://movie-brain.netlify.app
20240921	17:49:39	83ee1d25-0704-4eab-8f8c-6933f653ef5f	Error: Not allowed by CORS	OPTIONS	/users	https://movie-brain.netlify.app
20240921	17:49:39	de4b7ca5-ea33-412f-8659-33475f1c4897	Error: Not allowed by CORS	GET	/reviews	https://movie-brain.netlify.app
20240921	17:49:39	8c68861a-e8b4-4826-86fb-1848298d09d8	Error: Not allowed by CORS	GET	/users	https://movie-brain.netlify.app
20240921	17:52:00	d7defa7e-449f-4751-8200-dce163cf3bbb	Error: Not allowed by CORS	OPTIONS	/reviews	https://movie-brain.netlify.app
20240921	17:52:00	3868030e-a824-46ab-8917-afbf9e891977	Error: Not allowed by CORS	GET	/reviews	https://movie-brain.netlify.app
20240921	17:52:00	4526f492-ca64-48e2-bd4b-c7affdc71e1c	Error: Not allowed by CORS	OPTIONS	/users	https://movie-brain.netlify.app
20240921	17:52:00	27a20186-a1bf-4aa2-99d6-99693440b98d	Error: Not allowed by CORS	GET	/users	https://movie-brain.netlify.app
20240921	17:52:35	a8b6b73d-0688-4154-a9be-9142d2123d41	Error: Not allowed by CORS	OPTIONS	/reviews	https://movie-brain.netlify.app
20240921	17:52:35	5b4e76f8-500f-4f76-885a-9d6e50f94024	Error: Not allowed by CORS	GET	/reviews	https://movie-brain.netlify.app
20240921	17:52:35	14435ca7-d0a6-424b-adfc-c98ab9216a91	Error: Not allowed by CORS	OPTIONS	/users	https://movie-brain.netlify.app
20240921	17:52:35	b8513162-165f-4833-a250-2fc897b38c3c	Error: Not allowed by CORS	GET	/users	https://movie-brain.netlify.app
20240921	17:52:40	f8cd1edc-9079-4694-b1ef-0700c5e39dd0	Error: Not allowed by CORS	OPTIONS	/reviews/movie/tt2005151	https://movie-brain.netlify.app
20240921	17:52:40	6e33e1d6-67d5-47b2-ba5d-fd1649819305	Error: Not allowed by CORS	GET	/reviews/movie/tt2005151	https://movie-brain.netlify.app
20240921	17:54:49	c1ba3753-dd07-4e85-8648-4ccc52856f0b	Error: Not allowed by CORS	OPTIONS	/reviews	https://movie-brain.netlify.app
20240921	17:54:49	847a7104-907f-4da8-8573-8faaf1bdd978	Error: Not allowed by CORS	GET	/reviews	https://movie-brain.netlify.app
20240921	17:54:49	0691840b-ec67-4a17-ab78-4913fd2acd6a	Error: Not allowed by CORS	OPTIONS	/users	https://movie-brain.netlify.app
20240921	17:54:49	50a52ebc-bd18-48fc-a011-b1ae89a3ea44	Error: Not allowed by CORS	GET	/users	https://movie-brain.netlify.app
20240921	17:55:35	2ab36d48-102e-4abf-b063-d9b013066afd	Error: Not allowed by CORS	GET	/reviews	http://localhost:5173
20240921	17:55:35	3c2ac7d2-332a-4663-af5f-4d188c1e1844	Error: Not allowed by CORS	GET	/users	http://localhost:5173
20240921	17:55:35	2d130178-9c09-4f53-bba4-99fd1876d275	Error: Not allowed by CORS	GET	/auth/refresh	http://localhost:5173
20240921	17:55:50	9f3873b1-8e35-4b8c-86cd-5fef56c22dae	Error: Not allowed by CORS	GET	/reviews	http://localhost:5173
20240921	17:55:50	984cd99c-6f12-4c24-9c24-251abbcdb94a	Error: Not allowed by CORS	GET	/users	http://localhost:5173
20240921	17:55:50	d8feda89-b907-43ee-aebb-8a7ddbff3a53	Error: Not allowed by CORS	GET	/auth/refresh	http://localhost:5173
20240921	17:56:15	8ef12f1e-3260-466c-ac24-a829c0218c8c	Error: Not allowed by CORS	OPTIONS	/auth	http://localhost:5173
20240921	17:59:55	130014cb-479f-4eee-9bb2-86c133e469e7	Error: Not allowed by CORS	OPTIONS	/users/66b94b7442d1d2092debee47	http://localhost:5173
20240921	18:00:20	032f36d8-a561-4bb6-b23a-094d0f1eda86	Error: Not allowed by CORS	OPTIONS	/reviews/movie/tt0105236	http://localhost:5173
20240921	18:00:26	38dbd6f1-79e1-4001-8cfc-5a3b52dfc488	Error: Not allowed by CORS	GET	/users	http://localhost:5173
20240921	18:00:26	3f6f246a-6a5e-4f25-8a34-10d575e5b0d6	Error: Not allowed by CORS	GET	/reviews	http://localhost:5173
20240921	18:00:26	f6f2fcda-0159-41b8-a491-19182f49bef6	Error: Not allowed by CORS	GET	/auth/refresh	http://localhost:5173
20240921	18:00:38	92bac288-4830-45e7-a4b2-162a86afd639	Error: Not allowed by CORS	GET	/users	http://localhost:5173
20240921	18:00:38	d897bb11-0a7b-4c70-a0b8-39b943aac76c	Error: Not allowed by CORS	GET	/reviews	http://localhost:5173
20240921	18:00:38	00a42ea0-4f2d-409c-827d-573286c5d84c	Error: Not allowed by CORS	GET	/auth/refresh	http://localhost:5173
20240921	18:00:41	5e51af79-e468-454f-9f84-20c1e692a5c6	Error: Not allowed by CORS	GET	/users	http://localhost:5173
20240921	18:00:41	27bdc2c6-15db-4e5b-b68b-8e35fb72bb55	Error: Not allowed by CORS	GET	/reviews	http://localhost:5173
20240921	18:00:41	58636993-85e1-4673-b3d7-717a1c2575ad	Error: Not allowed by CORS	GET	/auth/refresh	http://localhost:5173
20240921	18:00:42	b13f641f-bbd8-4648-98f5-2a60d6c03993	Error: Not allowed by CORS	GET	/users	http://localhost:5173
20240921	18:00:42	48b9aa57-1b3b-45c6-9675-75cdd2651d91	Error: Not allowed by CORS	GET	/reviews	http://localhost:5173
20240921	18:00:42	594a4db1-273b-4aeb-b09f-bf6de0578b69	Error: Not allowed by CORS	GET	/auth/refresh	http://localhost:5173
20240921	18:00:45	22359bcc-8573-496a-af5a-d76506d5dcde	Error: Not allowed by CORS	GET	/reviews	http://localhost:5173
20240921	18:00:45	514b836e-c264-4851-b13f-46970636b717	Error: Not allowed by CORS	GET	/users	http://localhost:5173
20240921	18:00:45	4f70574b-452a-40d8-b630-9ba8d8add88b	Error: Not allowed by CORS	GET	/auth/refresh	http://localhost:5173
20240921	18:00:47	f205a493-1d89-4893-afa0-759f92ab634c	Error: Not allowed by CORS	GET	/reviews	http://localhost:5173
20240921	18:00:47	9051180a-5c41-43c3-9ea7-eca74c7c3aed	Error: Not allowed by CORS	GET	/users	http://localhost:5173
20240921	18:00:47	da47fa6f-564c-41f2-97de-37bd5dbc28f1	Error: Not allowed by CORS	GET	/auth/refresh	http://localhost:5173
20240921	18:01:08	5bee8a7b-9876-41ff-b614-ab444e9b07e3	Error: Not allowed by CORS	OPTIONS	/auth	http://localhost:5173
20240921	18:01:11	80238c20-8b87-4cd0-b4fb-2934c3648568	Error: Not allowed by CORS	GET	/reviews	http://localhost:5173
20240921	18:01:11	e5b7bf03-8213-40b4-9bc8-4a1a2fe2712a	Error: Not allowed by CORS	GET	/users	http://localhost:5173
20240921	18:01:11	000e3218-0475-4095-8142-369ac4688040	Error: Not allowed by CORS	GET	/auth/refresh	http://localhost:5173
20240921	23:28:04	8967757a-b831-42ec-97e8-39f664b72412	Error: Not allowed by CORS	OPTIONS	/reviews	https://movie-brain.netlify.app
20240921	23:28:04	b5dd9310-4415-4eb8-9f54-82ffd0c37a90	Error: Not allowed by CORS	OPTIONS	/users	https://movie-brain.netlify.app
20240921	23:28:04	a16be64e-8ecf-4965-b116-ec6f0ab32e81	Error: Not allowed by CORS	GET	/reviews	https://movie-brain.netlify.app
20240921	23:28:04	b5b63461-5e27-422f-ad64-4fd283f9cc0e	Error: Not allowed by CORS	GET	/users	https://movie-brain.netlify.app
