20240701	18:59:58	33095105-abc2-4907-baec-06adb3394c23	GET	/users	undefined
20240701	19:07:46	5edbdf36-9db9-4881-a8d7-4cd3868bc02a	POST	/users	undefined
20240701	19:09:03	8f2304c2-3db1-466c-b122-45b15d7023a3	POST	/users	undefined
20240701	19:12:21	72fafff2-f4d8-4477-8c60-c9978153e300	POST	/users	undefined
20240701	19:13:39	bf9f4ad6-ccda-4d48-bcd5-e468bb652739	POST	/users	undefined
20240701	19:15:38	a4632d5f-6adc-4c9a-bdf4-ce01d9ad30c0	POST	/users	undefined
20240701	19:27:29	4bf4aa59-1416-44d2-9fec-020b0f6d9569	POST	/users	undefined
20240701	19:27:38	c4504eac-3406-42b9-a989-d896d98b1432	GET	/users	undefined
20240701	19:30:39	f7467fca-a844-41bf-a0a5-8fc007ba4e46	POST	/users	undefined
20240701	19:33:30	b6dd7e3f-8872-46a8-91f2-373fdb717c6f	POST	/users	undefined
20240701	19:34:48	a4dcddd0-d9c0-4a30-b68e-9a395b8ab6d5	POST	/users	undefined
20240701	19:36:14	1cd11e3b-caf2-46e6-bbba-3b85fd879856	POST	/users	undefined
20240701	19:36:31	3a679eaa-3fdc-4166-b295-dc235c85f762	POST	/users	undefined
20240701	19:37:32	48829504-93e7-4767-9b4d-344579ab2ca4	POST	/users	undefined
20240701	19:37:39	a582d93f-ae53-4603-bfff-0d83b51d0cf1	POST	/users	undefined
20240701	19:37:43	14d8c05a-4df3-4194-8359-629cc8467f4f	POST	/users	undefined
20240701	19:37:52	8e968a43-f9d9-45f4-bb52-e34d45993da3	POST	/users	undefined
20240701	19:37:58	21be22fd-62ce-41c3-b972-1552afde5270	POST	/users	undefined
20240701	19:43:14	4b55dbc8-8207-44cd-8873-524fcdcd2c4a	GET	/users	undefined
20240701	19:46:52	33fc12d4-a572-437b-b20a-f2f7ccef82d7	PUT	/users	undefined
20240701	19:47:03	4e0c0e1e-9303-4b65-b215-6c21b46bce29	PUT	/users	undefined
20240701	19:49:00	aa7e70a8-9151-4d00-8d88-8167ebeeded8	PUT	/users	undefined
20240701	19:49:38	ec0c5e74-bc1d-406a-ada0-65cfd8ddfc9a	PATCH	/users	undefined
20240701	19:52:19	02fb8f25-74f7-4b15-a1eb-c73e14f54770	PATCH	/users	undefined
20240701	19:55:33	c3ad02f5-a1f4-4e26-9bb6-1507239592c5	PATCH	/users	undefined
20240701	19:56:06	7edda2c7-1363-423a-8778-01529633c2e0	PATCH	/users	undefined
20240701	19:56:23	f245df16-697a-42ba-8369-3d0a8ff3e9bc	PATCH	/users	undefined
20240701	19:56:31	9b60dea3-49c7-439c-85ee-2b27765067b5	GET	/users	undefined
20240701	19:56:48	1926d402-7ace-4d1f-b3cc-dcbe441bc2bd	PATCH	/users	undefined
20240701	19:56:54	50657e96-8939-4550-b3f9-a92e73e8d1e2	PATCH	/users	undefined
20240701	19:56:59	a127dd14-42ad-455e-bdb2-996d6182f82e	PATCH	/users	undefined
20240701	19:57:03	21b5c90e-7228-41c3-b0aa-0f6b6ecae06d	PATCH	/users	undefined
20240701	19:57:12	e164dba7-58ad-4a3c-8950-b32bc6da35d3	PATCH	/users	undefined
20240701	19:59:08	78f5dce0-ea02-4407-a27a-19df4d2cd734	GET	/users	undefined
20240701	19:59:29	1a3521f0-170f-4d59-8d20-fc0e0a24cf4b	PATCH	/users	undefined
20240701	19:59:39	1caccffd-e0b6-4681-bdfb-77eaa8e2044f	PATCH	/users	undefined
20240701	20:00:55	039b42a0-a956-4aa3-81ac-52eca5c053af	GET	/users	undefined
20240701	20:02:02	df10833d-84a9-4703-ba55-c0f2043d651f	DELETE	/users	undefined
20240701	20:02:14	e3cc7cd3-d964-481e-a638-818b1a37d446	GET	/users	undefined
